2024-09-02 11:51:36,687 [Worker-1: Loading available Gradle versions] INFO  o.e.b.c.i.u.g.PublishedGradleVersions - Gradle version information cache is up-to-date. Trying to read.
2024-09-02 12:03:03,190 [Worker-8: Importing Maven projects] INFO  o.e.m.c.i.l.LifecycleMappingFactory - Using org.eclipse.m2e.jdt.JarLifecycleMapping lifecycle mapping for MavenProject: com.example:APIGateway:0.0.1-SNAPSHOT @ D:\wipro\Online-booking-saloon-application-project\APIGateway\APIGateway\pom.xml.
2024-09-02 12:03:05,967 [Worker-8: Importing Maven projects] INFO  o.e.m.c.i.l.LifecycleMappingFactory - Using org.eclipse.m2e.jdt.JarLifecycleMapping lifecycle mapping for MavenProject: com.example:BookingService:0.0.1-SNAPSHOT @ D:\wipro\Online-booking-saloon-application-project\BookingService\BookingService\pom.xml.
2024-09-02 12:03:06,561 [Worker-8: Importing Maven projects] INFO  o.e.m.c.i.l.LifecycleMappingFactory - Using org.eclipse.m2e.jdt.JarLifecycleMapping lifecycle mapping for MavenProject: com.example:config-server:0.0.1-SNAPSHOT @ D:\wipro\Online-booking-saloon-application-project\config-server\config-server\pom.xml.
2024-09-02 12:03:07,136 [Worker-8: Importing Maven projects] INFO  o.e.m.c.i.l.LifecycleMappingFactory - Using org.eclipse.m2e.jdt.JarLifecycleMapping lifecycle mapping for MavenProject: com.surya:Jwt:0.0.1-SNAPSHOT @ D:\wipro\Online-booking-saloon-application-project\jwt-demo\Jwt_SpringBoot  3.2.1_Jwt\pom.xml.
2024-09-02 12:03:08,189 [Worker-8: Importing Maven projects] INFO  o.e.m.c.i.l.LifecycleMappingFactory - Using org.eclipse.m2e.jdt.JarLifecycleMapping lifecycle mapping for MavenProject: com.example:Service-registry:0.0.1-SNAPSHOT @ D:\wipro\Online-booking-saloon-application-project\Service-registry\Service-registry\pom.xml.
2024-09-02 12:03:08,696 [Worker-8: Importing Maven projects] INFO  o.e.m.c.i.l.LifecycleMappingFactory - Using org.eclipse.m2e.jdt.JarLifecycleMapping lifecycle mapping for MavenProject: com.app:Service_Management_Microservice:0.0.1-SNAPSHOT @ D:\wipro\Online-booking-saloon-application-project\Service_Management_Microservice\Service_Management_Microservice\pom.xml.
2024-09-02 12:03:08,967 [Worker-8: Importing Maven projects] INFO  o.e.m.c.i.l.LifecycleMappingFactory - Using org.eclipse.m2e.jdt.JarLifecycleMapping lifecycle mapping for MavenProject: com.app:Staff_Management_Microservice:0.0.1-SNAPSHOT @ D:\wipro\Online-booking-saloon-application-project\Staff_Management_Microservice\Staff_Management_Microservice\pom.xml.
2024-09-02 12:03:09,252 [Worker-8: Importing Maven projects] INFO  o.e.m.c.i.l.LifecycleMappingFactory - Using org.eclipse.m2e.jdt.JarLifecycleMapping lifecycle mapping for MavenProject: com.app:User_Management_Microservice:0.0.1-SNAPSHOT @ D:\wipro\Online-booking-saloon-application-project\User_Management_Microservice\User_Management_Microservice\pom.xml.
2024-09-02 12:03:16,452 [Worker-8: Importing Maven projects] INFO  o.e.m.j.i.AbstractJavaProjectConfigurator - Adding source folder /APIGateway/src/main/java
2024-09-02 12:03:16,456 [Worker-8: Importing Maven projects] INFO  o.e.m.j.i.AbstractJavaProjectConfigurator - Adding resource folder /APIGateway/src/main/resources
2024-09-02 12:03:16,456 [Worker-8: Importing Maven projects] INFO  o.e.m.j.i.AbstractJavaProjectConfigurator - Adding resource folder /APIGateway/src/main/resources
2024-09-02 12:03:16,458 [Worker-8: Importing Maven projects] INFO  o.e.m.j.i.AbstractJavaProjectConfigurator - Adding source folder /APIGateway/src/test/java
2024-09-02 12:03:16,459 [Worker-8: Importing Maven projects] INFO  o.e.m.j.i.AbstractJavaProjectConfigurator - Adding resource folder /APIGateway/src/test/resources
2024-09-02 12:03:17,252 [Worker-8: Importing Maven projects] INFO  o.e.m.j.i.AbstractJavaProjectConfigurator - Adding source folder /BookingService/src/main/java
2024-09-02 12:03:17,253 [Worker-8: Importing Maven projects] INFO  o.e.m.j.i.AbstractJavaProjectConfigurator - Adding resource folder /BookingService/src/main/resources
2024-09-02 12:03:17,255 [Worker-8: Importing Maven projects] INFO  o.e.m.j.i.AbstractJavaProjectConfigurator - Adding resource folder /BookingService/src/main/resources
2024-09-02 12:03:17,256 [Worker-8: Importing Maven projects] INFO  o.e.m.j.i.AbstractJavaProjectConfigurator - Adding source folder /BookingService/src/test/java
2024-09-02 12:03:17,257 [Worker-8: Importing Maven projects] INFO  o.e.m.j.i.AbstractJavaProjectConfigurator - Adding resource folder /BookingService/src/test/resources
2024-09-02 12:03:18,149 [Worker-8: Importing Maven projects] INFO  o.e.m.j.i.AbstractJavaProjectConfigurator - Adding source folder /Staff_Management_Microservice/src/main/java
2024-09-02 12:03:18,150 [Worker-8: Importing Maven projects] INFO  o.e.m.j.i.AbstractJavaProjectConfigurator - Adding resource folder /Staff_Management_Microservice/src/main/resources
2024-09-02 12:03:18,150 [Worker-8: Importing Maven projects] INFO  o.e.m.j.i.AbstractJavaProjectConfigurator - Adding resource folder /Staff_Management_Microservice/src/main/resources
2024-09-02 12:03:18,151 [Worker-8: Importing Maven projects] INFO  o.e.m.j.i.AbstractJavaProjectConfigurator - Adding source folder /Staff_Management_Microservice/src/test/java
2024-09-02 12:03:18,152 [Worker-8: Importing Maven projects] INFO  o.e.m.j.i.AbstractJavaProjectConfigurator - Adding resource folder /Staff_Management_Microservice/src/test/resources
2024-09-02 12:03:18,724 [Worker-8: Importing Maven projects] INFO  o.e.m.j.i.AbstractJavaProjectConfigurator - Adding source folder /User_Management_Microservice/src/main/java
2024-09-02 12:03:18,724 [Worker-8: Importing Maven projects] INFO  o.e.m.j.i.AbstractJavaProjectConfigurator - Adding resource folder /User_Management_Microservice/src/main/resources
2024-09-02 12:03:18,726 [Worker-8: Importing Maven projects] INFO  o.e.m.j.i.AbstractJavaProjectConfigurator - Adding resource folder /User_Management_Microservice/src/main/resources
2024-09-02 12:03:18,727 [Worker-8: Importing Maven projects] INFO  o.e.m.j.i.AbstractJavaProjectConfigurator - Adding source folder /User_Management_Microservice/src/test/java
2024-09-02 12:03:18,728 [Worker-8: Importing Maven projects] INFO  o.e.m.j.i.AbstractJavaProjectConfigurator - Adding resource folder /User_Management_Microservice/src/test/resources
2024-09-02 12:03:19,488 [Worker-8: Importing Maven projects] INFO  o.e.m.j.i.AbstractJavaProjectConfigurator - Adding source folder /Jwt/src/main/java
2024-09-02 12:03:19,489 [Worker-8: Importing Maven projects] INFO  o.e.m.j.i.AbstractJavaProjectConfigurator - Adding resource folder /Jwt/src/main/resources
2024-09-02 12:03:19,490 [Worker-8: Importing Maven projects] INFO  o.e.m.j.i.AbstractJavaProjectConfigurator - Adding resource folder /Jwt/src/main/resources
2024-09-02 12:03:19,490 [Worker-8: Importing Maven projects] INFO  o.e.m.j.i.AbstractJavaProjectConfigurator - Adding source folder /Jwt/src/test/java
2024-09-02 12:03:19,491 [Worker-8: Importing Maven projects] INFO  o.e.m.j.i.AbstractJavaProjectConfigurator - Adding resource folder /Jwt/src/test/resources
2024-09-02 12:03:20,095 [Worker-8: Importing Maven projects] INFO  o.e.m.j.i.AbstractJavaProjectConfigurator - Adding source folder /Service-registry/src/main/java
2024-09-02 12:03:20,096 [Worker-8: Importing Maven projects] INFO  o.e.m.j.i.AbstractJavaProjectConfigurator - Adding resource folder /Service-registry/src/main/resources
2024-09-02 12:03:20,097 [Worker-8: Importing Maven projects] INFO  o.e.m.j.i.AbstractJavaProjectConfigurator - Adding resource folder /Service-registry/src/main/resources
2024-09-02 12:03:20,098 [Worker-8: Importing Maven projects] INFO  o.e.m.j.i.AbstractJavaProjectConfigurator - Adding source folder /Service-registry/src/test/java
2024-09-02 12:03:20,099 [Worker-8: Importing Maven projects] INFO  o.e.m.j.i.AbstractJavaProjectConfigurator - Adding resource folder /Service-registry/src/test/resources
2024-09-02 12:03:20,998 [Worker-8: Importing Maven projects] INFO  o.e.m.j.i.AbstractJavaProjectConfigurator - Adding source folder /Service_Management_Microservice/src/main/java
2024-09-02 12:03:21,000 [Worker-8: Importing Maven projects] INFO  o.e.m.j.i.AbstractJavaProjectConfigurator - Adding resource folder /Service_Management_Microservice/src/main/resources
2024-09-02 12:03:21,001 [Worker-8: Importing Maven projects] INFO  o.e.m.j.i.AbstractJavaProjectConfigurator - Adding resource folder /Service_Management_Microservice/src/main/resources
2024-09-02 12:03:21,002 [Worker-8: Importing Maven projects] INFO  o.e.m.j.i.AbstractJavaProjectConfigurator - Adding source folder /Service_Management_Microservice/src/test/java
2024-09-02 12:03:21,003 [Worker-8: Importing Maven projects] INFO  o.e.m.j.i.AbstractJavaProjectConfigurator - Adding resource folder /Service_Management_Microservice/src/test/resources
2024-09-02 12:03:21,623 [Worker-8: Importing Maven projects] INFO  o.e.m.j.i.AbstractJavaProjectConfigurator - Adding source folder /config-server/src/main/java
2024-09-02 12:03:21,624 [Worker-8: Importing Maven projects] INFO  o.e.m.j.i.AbstractJavaProjectConfigurator - Adding resource folder /config-server/src/main/resources
2024-09-02 12:03:21,624 [Worker-8: Importing Maven projects] INFO  o.e.m.j.i.AbstractJavaProjectConfigurator - Adding resource folder /config-server/src/main/resources
2024-09-02 12:03:21,625 [Worker-8: Importing Maven projects] INFO  o.e.m.j.i.AbstractJavaProjectConfigurator - Adding source folder /config-server/src/test/java
2024-09-02 12:03:21,626 [Worker-8: Importing Maven projects] INFO  o.e.m.j.i.AbstractJavaProjectConfigurator - Adding resource folder /config-server/src/test/resources
2024-09-02 12:03:22,183 [Worker-8: Importing Maven projects] INFO  o.e.m.c.i.p.ProjectConfigurationManager - Imported and configured 8 project(s) in 27 sec
2024-09-02 12:03:22,370 [Worker-42: Updating Maven Project] INFO  o.e.m.c.i.p.ProjectConfigurationManager - Update started
2024-09-02 12:03:26,225 [Worker-42: Updating Maven Project] INFO  o.e.m.c.i.l.LifecycleMappingFactory - Using org.eclipse.m2e.jdt.JarLifecycleMapping lifecycle mapping for MavenProject: com.example:APIGateway:0.0.1-SNAPSHOT @ D:\wipro\Online-booking-saloon-application-project\APIGateway\APIGateway\pom.xml.
2024-09-02 12:03:27,406 [Worker-42: Updating Maven Project] INFO  o.e.m.c.i.l.LifecycleMappingFactory - Using org.eclipse.m2e.jdt.JarLifecycleMapping lifecycle mapping for MavenProject: com.example:BookingService:0.0.1-SNAPSHOT @ D:\wipro\Online-booking-saloon-application-project\BookingService\BookingService\pom.xml.
2024-09-02 12:03:27,937 [Worker-42: Updating Maven Project] INFO  o.e.m.c.i.l.LifecycleMappingFactory - Using org.eclipse.m2e.jdt.JarLifecycleMapping lifecycle mapping for MavenProject: com.surya:Jwt:0.0.1-SNAPSHOT @ D:\wipro\Online-booking-saloon-application-project\jwt-demo\Jwt_SpringBoot  3.2.1_Jwt\pom.xml.
2024-09-02 12:03:28,347 [Worker-42: Updating Maven Project] INFO  o.e.m.c.i.l.LifecycleMappingFactory - Using org.eclipse.m2e.jdt.JarLifecycleMapping lifecycle mapping for MavenProject: com.example:Service-registry:0.0.1-SNAPSHOT @ D:\wipro\Online-booking-saloon-application-project\Service-registry\Service-registry\pom.xml.
2024-09-02 12:03:28,628 [Worker-42: Updating Maven Project] INFO  o.e.m.c.i.l.LifecycleMappingFactory - Using org.eclipse.m2e.jdt.JarLifecycleMapping lifecycle mapping for MavenProject: com.app:Service_Management_Microservice:0.0.1-SNAPSHOT @ D:\wipro\Online-booking-saloon-application-project\Service_Management_Microservice\Service_Management_Microservice\pom.xml.
2024-09-02 12:03:28,847 [Worker-42: Updating Maven Project] INFO  o.e.m.c.i.l.LifecycleMappingFactory - Using org.eclipse.m2e.jdt.JarLifecycleMapping lifecycle mapping for MavenProject: com.app:Staff_Management_Microservice:0.0.1-SNAPSHOT @ D:\wipro\Online-booking-saloon-application-project\Staff_Management_Microservice\Staff_Management_Microservice\pom.xml.
2024-09-02 12:03:29,046 [Worker-42: Updating Maven Project] INFO  o.e.m.c.i.l.LifecycleMappingFactory - Using org.eclipse.m2e.jdt.JarLifecycleMapping lifecycle mapping for MavenProject: com.app:User_Management_Microservice:0.0.1-SNAPSHOT @ D:\wipro\Online-booking-saloon-application-project\User_Management_Microservice\User_Management_Microservice\pom.xml.
2024-09-02 12:03:29,328 [Worker-42: Updating Maven Project] INFO  o.e.m.c.i.l.LifecycleMappingFactory - Using org.eclipse.m2e.jdt.JarLifecycleMapping lifecycle mapping for MavenProject: com.example:config-server:0.0.1-SNAPSHOT @ D:\wipro\Online-booking-saloon-application-project\config-server\config-server\pom.xml.
2024-09-02 12:03:34,329 [Worker-42: Updating Maven Project] INFO  o.e.m.j.i.AbstractJavaProjectConfigurator - Adding source folder /APIGateway/src/main/java
2024-09-02 12:03:34,330 [Worker-42: Updating Maven Project] INFO  o.e.m.j.i.AbstractJavaProjectConfigurator - Adding resource folder /APIGateway/src/main/resources
2024-09-02 12:03:34,331 [Worker-42: Updating Maven Project] INFO  o.e.m.j.i.AbstractJavaProjectConfigurator - Adding resource folder /APIGateway/src/main/resources
2024-09-02 12:03:34,332 [Worker-42: Updating Maven Project] INFO  o.e.m.j.i.AbstractJavaProjectConfigurator - Adding source folder /APIGateway/src/test/java
2024-09-02 12:03:34,332 [Worker-42: Updating Maven Project] INFO  o.e.m.j.i.AbstractJavaProjectConfigurator - Adding resource folder /APIGateway/src/test/resources
2024-09-02 12:03:34,861 [Worker-42: Updating Maven Project] INFO  o.e.m.j.i.AbstractJavaProjectConfigurator - Adding source folder /BookingService/src/main/java
2024-09-02 12:03:34,862 [Worker-42: Updating Maven Project] INFO  o.e.m.j.i.AbstractJavaProjectConfigurator - Adding resource folder /BookingService/src/main/resources
2024-09-02 12:03:34,862 [Worker-42: Updating Maven Project] INFO  o.e.m.j.i.AbstractJavaProjectConfigurator - Adding resource folder /BookingService/src/main/resources
2024-09-02 12:03:34,863 [Worker-42: Updating Maven Project] INFO  o.e.m.j.i.AbstractJavaProjectConfigurator - Adding source folder /BookingService/src/test/java
2024-09-02 12:03:34,863 [Worker-42: Updating Maven Project] INFO  o.e.m.j.i.AbstractJavaProjectConfigurator - Adding resource folder /BookingService/src/test/resources
2024-09-02 12:03:35,463 [Worker-42: Updating Maven Project] INFO  o.e.m.j.i.AbstractJavaProjectConfigurator - Adding source folder /Jwt/src/main/java
2024-09-02 12:03:35,465 [Worker-42: Updating Maven Project] INFO  o.e.m.j.i.AbstractJavaProjectConfigurator - Adding resource folder /Jwt/src/main/resources
2024-09-02 12:03:35,466 [Worker-42: Updating Maven Project] INFO  o.e.m.j.i.AbstractJavaProjectConfigurator - Adding resource folder /Jwt/src/main/resources
2024-09-02 12:03:35,466 [Worker-42: Updating Maven Project] INFO  o.e.m.j.i.AbstractJavaProjectConfigurator - Adding source folder /Jwt/src/test/java
2024-09-02 12:03:35,468 [Worker-42: Updating Maven Project] INFO  o.e.m.j.i.AbstractJavaProjectConfigurator - Adding resource folder /Jwt/src/test/resources
2024-09-02 12:03:35,969 [Worker-42: Updating Maven Project] INFO  o.e.m.j.i.AbstractJavaProjectConfigurator - Adding source folder /Service-registry/src/main/java
2024-09-02 12:03:35,970 [Worker-42: Updating Maven Project] INFO  o.e.m.j.i.AbstractJavaProjectConfigurator - Adding resource folder /Service-registry/src/main/resources
2024-09-02 12:03:35,971 [Worker-42: Updating Maven Project] INFO  o.e.m.j.i.AbstractJavaProjectConfigurator - Adding resource folder /Service-registry/src/main/resources
2024-09-02 12:03:35,971 [Worker-42: Updating Maven Project] INFO  o.e.m.j.i.AbstractJavaProjectConfigurator - Adding source folder /Service-registry/src/test/java
2024-09-02 12:03:35,972 [Worker-42: Updating Maven Project] INFO  o.e.m.j.i.AbstractJavaProjectConfigurator - Adding resource folder /Service-registry/src/test/resources
2024-09-02 12:03:36,479 [Worker-42: Updating Maven Project] INFO  o.e.m.j.i.AbstractJavaProjectConfigurator - Adding source folder /Service_Management_Microservice/src/main/java
2024-09-02 12:03:36,480 [Worker-42: Updating Maven Project] INFO  o.e.m.j.i.AbstractJavaProjectConfigurator - Adding resource folder /Service_Management_Microservice/src/main/resources
2024-09-02 12:03:36,480 [Worker-42: Updating Maven Project] INFO  o.e.m.j.i.AbstractJavaProjectConfigurator - Adding resource folder /Service_Management_Microservice/src/main/resources
2024-09-02 12:03:36,480 [Worker-42: Updating Maven Project] INFO  o.e.m.j.i.AbstractJavaProjectConfigurator - Adding source folder /Service_Management_Microservice/src/test/java
2024-09-02 12:03:36,482 [Worker-42: Updating Maven Project] INFO  o.e.m.j.i.AbstractJavaProjectConfigurator - Adding resource folder /Service_Management_Microservice/src/test/resources
2024-09-02 12:03:37,119 [Worker-42: Updating Maven Project] INFO  o.e.m.j.i.AbstractJavaProjectConfigurator - Adding source folder /Staff_Management_Microservice/src/main/java
2024-09-02 12:03:37,121 [Worker-42: Updating Maven Project] INFO  o.e.m.j.i.AbstractJavaProjectConfigurator - Adding resource folder /Staff_Management_Microservice/src/main/resources
2024-09-02 12:03:37,122 [Worker-42: Updating Maven Project] INFO  o.e.m.j.i.AbstractJavaProjectConfigurator - Adding resource folder /Staff_Management_Microservice/src/main/resources
2024-09-02 12:03:37,123 [Worker-42: Updating Maven Project] INFO  o.e.m.j.i.AbstractJavaProjectConfigurator - Adding source folder /Staff_Management_Microservice/src/test/java
2024-09-02 12:03:37,124 [Worker-42: Updating Maven Project] INFO  o.e.m.j.i.AbstractJavaProjectConfigurator - Adding resource folder /Staff_Management_Microservice/src/test/resources
2024-09-02 12:03:37,857 [Worker-42: Updating Maven Project] INFO  o.e.m.j.i.AbstractJavaProjectConfigurator - Adding source folder /User_Management_Microservice/src/main/java
2024-09-02 12:03:37,857 [Worker-42: Updating Maven Project] INFO  o.e.m.j.i.AbstractJavaProjectConfigurator - Adding resource folder /User_Management_Microservice/src/main/resources
2024-09-02 12:03:37,858 [Worker-42: Updating Maven Project] INFO  o.e.m.j.i.AbstractJavaProjectConfigurator - Adding resource folder /User_Management_Microservice/src/main/resources
2024-09-02 12:03:37,858 [Worker-42: Updating Maven Project] INFO  o.e.m.j.i.AbstractJavaProjectConfigurator - Adding source folder /User_Management_Microservice/src/test/java
2024-09-02 12:03:37,859 [Worker-42: Updating Maven Project] INFO  o.e.m.j.i.AbstractJavaProjectConfigurator - Adding resource folder /User_Management_Microservice/src/test/resources
2024-09-02 12:03:38,441 [Worker-42: Updating Maven Project] INFO  o.e.m.j.i.AbstractJavaProjectConfigurator - Adding source folder /config-server/src/main/java
2024-09-02 12:03:38,441 [Worker-42: Updating Maven Project] INFO  o.e.m.j.i.AbstractJavaProjectConfigurator - Adding resource folder /config-server/src/main/resources
2024-09-02 12:03:38,442 [Worker-42: Updating Maven Project] INFO  o.e.m.j.i.AbstractJavaProjectConfigurator - Adding resource folder /config-server/src/main/resources
2024-09-02 12:03:38,442 [Worker-42: Updating Maven Project] INFO  o.e.m.j.i.AbstractJavaProjectConfigurator - Adding source folder /config-server/src/test/java
2024-09-02 12:03:38,443 [Worker-42: Updating Maven Project] INFO  o.e.m.j.i.AbstractJavaProjectConfigurator - Adding resource folder /config-server/src/test/resources
2024-09-02 12:03:40,076 [Worker-42: Updating Maven Project] INFO  o.e.m.c.i.p.ProjectConfigurationManager - Update completed for 8 poms: local refresh takes 0.00 sec, refresh facades takes 11.00 sec, update config takes 4.00 sec 
2024-09-02 12:03:41,307 [Worker-46: Building] INFO  o.a.m.s.f.DefaultMavenResourcesFiltering - Copying 1 resource from src\main\resources to target\classes
2024-09-02 12:03:41,345 [Worker-46: Building] INFO  o.a.m.s.f.DefaultMavenResourcesFiltering - Copying 0 resource from src\main\resources to target\classes
2024-09-02 12:03:41,357 [Worker-46: Building] INFO  o.a.m.s.f.DefaultMavenResourcesFiltering - skip non existing resourceDirectory D:\wipro\Online-booking-saloon-application-project\APIGateway\APIGateway\src\test\resources
2024-09-02 12:03:43,563 [Worker-46: Building] INFO  o.a.m.s.f.DefaultMavenResourcesFiltering - Copying 1 resource from src\main\resources to target\classes
2024-09-02 12:03:43,587 [Worker-46: Building] INFO  o.a.m.s.f.DefaultMavenResourcesFiltering - Copying 0 resource from src\main\resources to target\classes
2024-09-02 12:03:43,596 [Worker-46: Building] INFO  o.a.m.s.f.DefaultMavenResourcesFiltering - skip non existing resourceDirectory D:\wipro\Online-booking-saloon-application-project\BookingService\BookingService\src\test\resources
2024-09-02 12:03:44,234 [Worker-46: Building] INFO  o.a.m.s.f.DefaultMavenResourcesFiltering - Copying 1 resource from src\main\resources to target\classes
2024-09-02 12:03:44,269 [Worker-46: Building] INFO  o.a.m.s.f.DefaultMavenResourcesFiltering - Copying 0 resource from src\main\resources to target\classes
2024-09-02 12:03:44,277 [Worker-46: Building] INFO  o.a.m.s.f.DefaultMavenResourcesFiltering - skip non existing resourceDirectory D:\wipro\Online-booking-saloon-application-project\jwt-demo\Jwt_SpringBoot  3.2.1_Jwt\src\test\resources
2024-09-02 12:03:45,303 [Worker-46: Building] INFO  o.a.m.s.f.DefaultMavenResourcesFiltering - Copying 1 resource from src\main\resources to target\classes
2024-09-02 12:03:45,340 [Worker-46: Building] INFO  o.a.m.s.f.DefaultMavenResourcesFiltering - Copying 0 resource from src\main\resources to target\classes
2024-09-02 12:03:45,351 [Worker-46: Building] INFO  o.a.m.s.f.DefaultMavenResourcesFiltering - skip non existing resourceDirectory D:\wipro\Online-booking-saloon-application-project\Service-registry\Service-registry\src\test\resources
2024-09-02 12:03:46,112 [Worker-46: Building] INFO  o.a.m.s.f.DefaultMavenResourcesFiltering - Copying 1 resource from src\main\resources to target\classes
2024-09-02 12:03:46,133 [Worker-46: Building] INFO  o.a.m.s.f.DefaultMavenResourcesFiltering - Copying 0 resource from src\main\resources to target\classes
2024-09-02 12:03:46,139 [Worker-46: Building] INFO  o.a.m.s.f.DefaultMavenResourcesFiltering - skip non existing resourceDirectory D:\wipro\Online-booking-saloon-application-project\Service_Management_Microservice\Service_Management_Microservice\src\test\resources
2024-09-02 12:03:46,808 [Worker-46: Building] INFO  o.a.m.s.f.DefaultMavenResourcesFiltering - Copying 1 resource from src\main\resources to target\classes
2024-09-02 12:03:46,837 [Worker-46: Building] INFO  o.a.m.s.f.DefaultMavenResourcesFiltering - Copying 0 resource from src\main\resources to target\classes
2024-09-02 12:03:46,845 [Worker-46: Building] INFO  o.a.m.s.f.DefaultMavenResourcesFiltering - skip non existing resourceDirectory D:\wipro\Online-booking-saloon-application-project\Staff_Management_Microservice\Staff_Management_Microservice\src\test\resources
2024-09-02 12:03:47,514 [Worker-46: Building] INFO  o.a.m.s.f.DefaultMavenResourcesFiltering - Copying 1 resource from src\main\resources to target\classes
2024-09-02 12:03:47,548 [Worker-46: Building] INFO  o.a.m.s.f.DefaultMavenResourcesFiltering - Copying 0 resource from src\main\resources to target\classes
2024-09-02 12:03:47,555 [Worker-46: Building] INFO  o.a.m.s.f.DefaultMavenResourcesFiltering - skip non existing resourceDirectory D:\wipro\Online-booking-saloon-application-project\User_Management_Microservice\User_Management_Microservice\src\test\resources
2024-09-02 12:03:47,971 [Worker-46: Building] INFO  o.a.m.s.f.DefaultMavenResourcesFiltering - Copying 1 resource from src\main\resources to target\classes
2024-09-02 12:03:48,001 [Worker-46: Building] INFO  o.a.m.s.f.DefaultMavenResourcesFiltering - Copying 0 resource from src\main\resources to target\classes
2024-09-02 12:03:48,009 [Worker-46: Building] INFO  o.a.m.s.f.DefaultMavenResourcesFiltering - skip non existing resourceDirectory D:\wipro\Online-booking-saloon-application-project\config-server\config-server\src\test\resources
2024-09-02 12:46:44,022 [Worker-6: Loading available Gradle versions] INFO  o.e.b.c.i.u.g.PublishedGradleVersions - Gradle version information cache is up-to-date. Trying to read.
2024-09-02 13:59:47,206 [Worker-5: Loading available Gradle versions] INFO  o.e.b.c.i.u.g.PublishedGradleVersions - Gradle version information cache is up-to-date. Trying to read.
2024-09-02 15:04:35,155 [Worker-57: Launching ServiceRegistryApplication] INFO  o.a.m.s.f.DefaultMavenResourcesFiltering - Copying 1 resource from src\main\resources to target\classes
2024-09-02 15:04:35,203 [Worker-57: Launching ServiceRegistryApplication] INFO  o.a.m.s.f.DefaultMavenResourcesFiltering - Copying 0 resource from src\main\resources to target\classes
2024-09-02 15:04:35,209 [Worker-57: Launching ServiceRegistryApplication] INFO  o.a.m.s.f.DefaultMavenResourcesFiltering - skip non existing resourceDirectory D:\wipro\Online-booking-saloon-application-project\Service-registry\Service-registry\src\test\resources
2024-09-02 15:04:37,050 [Worker-52: Building] INFO  o.a.m.s.f.DefaultMavenResourcesFiltering - Copying 1 resource from src\main\resources to target\classes
2024-09-02 15:04:37,112 [Worker-52: Building] INFO  o.a.m.s.f.DefaultMavenResourcesFiltering - Copying 0 resource from src\main\resources to target\classes
2024-09-02 15:04:37,125 [Worker-52: Building] INFO  o.a.m.s.f.DefaultMavenResourcesFiltering - skip non existing resourceDirectory D:\wipro\Online-booking-saloon-application-project\APIGateway\APIGateway\src\test\resources
2024-09-02 15:04:40,935 [Worker-52: Building] INFO  o.a.m.s.f.DefaultMavenResourcesFiltering - Copying 1 resource from src\main\resources to target\classes
2024-09-02 15:04:40,966 [Worker-52: Building] INFO  o.a.m.s.f.DefaultMavenResourcesFiltering - Copying 0 resource from src\main\resources to target\classes
2024-09-02 15:04:40,973 [Worker-52: Building] INFO  o.a.m.s.f.DefaultMavenResourcesFiltering - skip non existing resourceDirectory D:\wipro\Online-booking-saloon-application-project\jwt-demo\Jwt_SpringBoot  3.2.1_Jwt\src\test\resources
2024-09-02 15:04:44,418 [Worker-52: Building] INFO  o.a.m.s.f.DefaultMavenResourcesFiltering - Copying 1 resource from src\main\resources to target\classes
2024-09-02 15:04:44,453 [Worker-52: Building] INFO  o.a.m.s.f.DefaultMavenResourcesFiltering - Copying 0 resource from src\main\resources to target\classes
2024-09-02 15:04:44,462 [Worker-52: Building] INFO  o.a.m.s.f.DefaultMavenResourcesFiltering - skip non existing resourceDirectory D:\wipro\Online-booking-saloon-application-project\config-server\config-server\src\test\resources
